<?xml version="1.0" encoding="UTF-8"?>
<testsuite xmlns:xsi="http://www.w3.org/2001/XMLSchema-instance" xsi:noNamespaceSchemaLocation="https://maven.apache.org/surefire/maven-surefire-plugin/xsd/surefire-test-report.xsd" name="YMTest.YandexMarketTest" time="110.122" tests="1" errors="0" skipped="0" failures="0">
  <properties>
    <property name="sun.desktop" value="windows"/>
    <property name="awt.toolkit" value="sun.awt.windows.WToolkit"/>
    <property name="file.encoding.pkg" value="sun.io"/>
    <property name="java.specification.version" value="1.8"/>
    <property name="sun.cpu.isalist" value="amd64"/>
    <property name="sun.jnu.encoding" value="Cp1251"/>
    <property name="java.class.path" value="D:\renat\java\Tests\YMtest\target\test-classes;D:\renat\java\Tests\YMtest\target\classes;C:\Users\fvd\.m2\repository\org\seleniumhq\selenium\selenium-java\3.12.0\selenium-java-3.12.0.jar;C:\Users\fvd\.m2\repository\org\seleniumhq\selenium\selenium-api\3.12.0\selenium-api-3.12.0.jar;C:\Users\fvd\.m2\repository\org\seleniumhq\selenium\selenium-chrome-driver\3.12.0\selenium-chrome-driver-3.12.0.jar;C:\Users\fvd\.m2\repository\org\seleniumhq\selenium\selenium-edge-driver\3.12.0\selenium-edge-driver-3.12.0.jar;C:\Users\fvd\.m2\repository\org\seleniumhq\selenium\selenium-firefox-driver\3.12.0\selenium-firefox-driver-3.12.0.jar;C:\Users\fvd\.m2\repository\org\seleniumhq\selenium\selenium-ie-driver\3.12.0\selenium-ie-driver-3.12.0.jar;C:\Users\fvd\.m2\repository\org\seleniumhq\selenium\selenium-opera-driver\3.12.0\selenium-opera-driver-3.12.0.jar;C:\Users\fvd\.m2\repository\org\seleniumhq\selenium\selenium-remote-driver\3.12.0\selenium-remote-driver-3.12.0.jar;C:\Users\fvd\.m2\repository\org\seleniumhq\selenium\selenium-safari-driver\3.12.0\selenium-safari-driver-3.12.0.jar;C:\Users\fvd\.m2\repository\org\seleniumhq\selenium\selenium-support\3.12.0\selenium-support-3.12.0.jar;C:\Users\fvd\.m2\repository\net\bytebuddy\byte-buddy\1.8.3\byte-buddy-1.8.3.jar;C:\Users\fvd\.m2\repository\org\apache\commons\commons-exec\1.3\commons-exec-1.3.jar;C:\Users\fvd\.m2\repository\commons-codec\commons-codec\1.10\commons-codec-1.10.jar;C:\Users\fvd\.m2\repository\commons-logging\commons-logging\1.2\commons-logging-1.2.jar;C:\Users\fvd\.m2\repository\com\google\code\gson\gson\2.8.2\gson-2.8.2.jar;C:\Users\fvd\.m2\repository\com\google\guava\guava\23.6-jre\guava-23.6-jre.jar;C:\Users\fvd\.m2\repository\com\google\code\findbugs\jsr305\1.3.9\jsr305-1.3.9.jar;C:\Users\fvd\.m2\repository\org\checkerframework\checker-compat-qual\2.0.0\checker-compat-qual-2.0.0.jar;C:\Users\fvd\.m2\repository\com\google\errorprone\error_prone_annotations\2.1.3\error_prone_annotations-2.1.3.jar;C:\Users\fvd\.m2\repository\com\google\j2objc\j2objc-annotations\1.1\j2objc-annotations-1.1.jar;C:\Users\fvd\.m2\repository\org\codehaus\mojo\animal-sniffer-annotations\1.14\animal-sniffer-annotations-1.14.jar;C:\Users\fvd\.m2\repository\org\apache\httpcomponents\httpclient\4.5.3\httpclient-4.5.3.jar;C:\Users\fvd\.m2\repository\org\apache\httpcomponents\httpcore\4.4.6\httpcore-4.4.6.jar;C:\Users\fvd\.m2\repository\com\squareup\okhttp3\okhttp\3.9.1\okhttp-3.9.1.jar;C:\Users\fvd\.m2\repository\com\squareup\okio\okio\1.13.0\okio-1.13.0.jar;C:\Users\fvd\.m2\repository\org\testng\testng\6.14.3\testng-6.14.3.jar;C:\Users\fvd\.m2\repository\com\beust\jcommander\1.72\jcommander-1.72.jar;C:\Users\fvd\.m2\repository\org\apache-extras\beanshell\bsh\2.0b6\bsh-2.0b6.jar;C:\Users\fvd\.m2\repository\io\qameta\allure\allure-testng\2.6.0\allure-testng-2.6.0.jar;C:\Users\fvd\.m2\repository\io\qameta\allure\allure-descriptions-javadoc\2.6.0\allure-descriptions-javadoc-2.6.0.jar;C:\Users\fvd\.m2\repository\commons-io\commons-io\2.5\commons-io-2.5.jar;C:\Users\fvd\.m2\repository\io\qameta\allure\allure-java-commons\2.6.0\allure-java-commons-2.6.0.jar;C:\Users\fvd\.m2\repository\io\qameta\allure\allure2-model-api\1.0-BETA6\allure2-model-api-1.0-BETA6.jar;C:\Users\fvd\.m2\repository\io\qameta\allure\allure2-model-pojo\1.0-BETA6\allure2-model-pojo-1.0-BETA6.jar;C:\Users\fvd\.m2\repository\org\apache\tika\tika-core\1.14\tika-core-1.14.jar;C:\Users\fvd\.m2\repository\io\qameta\allure\allure2-model-jackson\1.0-BETA6\allure2-model-jackson-1.0-BETA6.jar;C:\Users\fvd\.m2\repository\com\fasterxml\jackson\core\jackson-databind\2.7.0\jackson-databind-2.7.0.jar;C:\Users\fvd\.m2\repository\com\fasterxml\jackson\core\jackson-annotations\2.7.0\jackson-annotations-2.7.0.jar;C:\Users\fvd\.m2\repository\com\fasterxml\jackson\core\jackson-core\2.7.0\jackson-core-2.7.0.jar;C:\Users\fvd\.m2\repository\com\fasterxml\jackson\module\jackson-module-jaxb-annotations\2.7.0\jackson-module-jaxb-annotations-2.7.0.jar;C:\Users\fvd\.m2\repository\org\apache\commons\commons-lang3\3.5\commons-lang3-3.5.jar;C:\Users\fvd\.m2\repository\org\aspectj\aspectjrt\1.8.10\aspectjrt-1.8.10.jar;C:\Users\fvd\.m2\repository\org\jooq\joor\0.9.6\joor-0.9.6.jar;C:\Users\fvd\.m2\repository\org\slf4j\slf4j-api\1.7.21\slf4j-api-1.7.21.jar;C:\Users\fvd\.m2\repository\org\apache\maven\surefire\surefire-testng-utils\2.20.1\surefire-testng-utils-2.20.1.jar;C:\Users\fvd\.m2\repository\org\apache\maven\surefire\surefire-grouper\2.20.1\surefire-grouper-2.20.1.jar;"/>
    <property name="java.vm.vendor" value="Oracle Corporation"/>
    <property name="sun.arch.data.model" value="64"/>
    <property name="user.variant" value=""/>
    <property name="java.vendor.url" value="http://java.oracle.com/"/>
    <property name="user.timezone" value=""/>
    <property name="java.vm.specification.version" value="1.8"/>
    <property name="os.name" value="Windows 10"/>
    <property name="user.country" value="RU"/>
    <property name="sun.java.launcher" value="SUN_STANDARD"/>
    <property name="sun.boot.library.path" value="C:\Program Files\Java\jdk1.8.0_131\jre\bin"/>
    <property name="sun.java.command" value="C:\Users\fvd\AppData\Local\Temp\surefire7831048528906509429\surefirebooter3265043792617136954.jar C:\Users\fvd\AppData\Local\Temp\surefire7831048528906509429 2018-06-12T17-24-52_522-jvmRun1 surefire412554902231814295tmp surefire_05603458563808392216tmp"/>
    <property name="surefire.test.class.path" value="D:\renat\java\Tests\YMtest\target\test-classes;D:\renat\java\Tests\YMtest\target\classes;C:\Users\fvd\.m2\repository\org\seleniumhq\selenium\selenium-java\3.12.0\selenium-java-3.12.0.jar;C:\Users\fvd\.m2\repository\org\seleniumhq\selenium\selenium-api\3.12.0\selenium-api-3.12.0.jar;C:\Users\fvd\.m2\repository\org\seleniumhq\selenium\selenium-chrome-driver\3.12.0\selenium-chrome-driver-3.12.0.jar;C:\Users\fvd\.m2\repository\org\seleniumhq\selenium\selenium-edge-driver\3.12.0\selenium-edge-driver-3.12.0.jar;C:\Users\fvd\.m2\repository\org\seleniumhq\selenium\selenium-firefox-driver\3.12.0\selenium-firefox-driver-3.12.0.jar;C:\Users\fvd\.m2\repository\org\seleniumhq\selenium\selenium-ie-driver\3.12.0\selenium-ie-driver-3.12.0.jar;C:\Users\fvd\.m2\repository\org\seleniumhq\selenium\selenium-opera-driver\3.12.0\selenium-opera-driver-3.12.0.jar;C:\Users\fvd\.m2\repository\org\seleniumhq\selenium\selenium-remote-driver\3.12.0\selenium-remote-driver-3.12.0.jar;C:\Users\fvd\.m2\repository\org\seleniumhq\selenium\selenium-safari-driver\3.12.0\selenium-safari-driver-3.12.0.jar;C:\Users\fvd\.m2\repository\org\seleniumhq\selenium\selenium-support\3.12.0\selenium-support-3.12.0.jar;C:\Users\fvd\.m2\repository\net\bytebuddy\byte-buddy\1.8.3\byte-buddy-1.8.3.jar;C:\Users\fvd\.m2\repository\org\apache\commons\commons-exec\1.3\commons-exec-1.3.jar;C:\Users\fvd\.m2\repository\commons-codec\commons-codec\1.10\commons-codec-1.10.jar;C:\Users\fvd\.m2\repository\commons-logging\commons-logging\1.2\commons-logging-1.2.jar;C:\Users\fvd\.m2\repository\com\google\code\gson\gson\2.8.2\gson-2.8.2.jar;C:\Users\fvd\.m2\repository\com\google\guava\guava\23.6-jre\guava-23.6-jre.jar;C:\Users\fvd\.m2\repository\com\google\code\findbugs\jsr305\1.3.9\jsr305-1.3.9.jar;C:\Users\fvd\.m2\repository\org\checkerframework\checker-compat-qual\2.0.0\checker-compat-qual-2.0.0.jar;C:\Users\fvd\.m2\repository\com\google\errorprone\error_prone_annotations\2.1.3\error_prone_annotations-2.1.3.jar;C:\Users\fvd\.m2\repository\com\google\j2objc\j2objc-annotations\1.1\j2objc-annotations-1.1.jar;C:\Users\fvd\.m2\repository\org\codehaus\mojo\animal-sniffer-annotations\1.14\animal-sniffer-annotations-1.14.jar;C:\Users\fvd\.m2\repository\org\apache\httpcomponents\httpclient\4.5.3\httpclient-4.5.3.jar;C:\Users\fvd\.m2\repository\org\apache\httpcomponents\httpcore\4.4.6\httpcore-4.4.6.jar;C:\Users\fvd\.m2\repository\com\squareup\okhttp3\okhttp\3.9.1\okhttp-3.9.1.jar;C:\Users\fvd\.m2\repository\com\squareup\okio\okio\1.13.0\okio-1.13.0.jar;C:\Users\fvd\.m2\repository\org\testng\testng\6.14.3\testng-6.14.3.jar;C:\Users\fvd\.m2\repository\com\beust\jcommander\1.72\jcommander-1.72.jar;C:\Users\fvd\.m2\repository\org\apache-extras\beanshell\bsh\2.0b6\bsh-2.0b6.jar;C:\Users\fvd\.m2\repository\io\qameta\allure\allure-testng\2.6.0\allure-testng-2.6.0.jar;C:\Users\fvd\.m2\repository\io\qameta\allure\allure-descriptions-javadoc\2.6.0\allure-descriptions-javadoc-2.6.0.jar;C:\Users\fvd\.m2\repository\commons-io\commons-io\2.5\commons-io-2.5.jar;C:\Users\fvd\.m2\repository\io\qameta\allure\allure-java-commons\2.6.0\allure-java-commons-2.6.0.jar;C:\Users\fvd\.m2\repository\io\qameta\allure\allure2-model-api\1.0-BETA6\allure2-model-api-1.0-BETA6.jar;C:\Users\fvd\.m2\repository\io\qameta\allure\allure2-model-pojo\1.0-BETA6\allure2-model-pojo-1.0-BETA6.jar;C:\Users\fvd\.m2\repository\org\apache\tika\tika-core\1.14\tika-core-1.14.jar;C:\Users\fvd\.m2\repository\io\qameta\allure\allure2-model-jackson\1.0-BETA6\allure2-model-jackson-1.0-BETA6.jar;C:\Users\fvd\.m2\repository\com\fasterxml\jackson\core\jackson-databind\2.7.0\jackson-databind-2.7.0.jar;C:\Users\fvd\.m2\repository\com\fasterxml\jackson\core\jackson-annotations\2.7.0\jackson-annotations-2.7.0.jar;C:\Users\fvd\.m2\repository\com\fasterxml\jackson\core\jackson-core\2.7.0\jackson-core-2.7.0.jar;C:\Users\fvd\.m2\repository\com\fasterxml\jackson\module\jackson-module-jaxb-annotations\2.7.0\jackson-module-jaxb-annotations-2.7.0.jar;C:\Users\fvd\.m2\repository\org\apache\commons\commons-lang3\3.5\commons-lang3-3.5.jar;C:\Users\fvd\.m2\repository\org\aspectj\aspectjrt\1.8.10\aspectjrt-1.8.10.jar;C:\Users\fvd\.m2\repository\org\jooq\joor\0.9.6\joor-0.9.6.jar;C:\Users\fvd\.m2\repository\org\slf4j\slf4j-api\1.7.21\slf4j-api-1.7.21.jar;C:\Users\fvd\.m2\repository\org\apache\maven\surefire\surefire-testng-utils\2.20.1\surefire-testng-utils-2.20.1.jar;C:\Users\fvd\.m2\repository\org\apache\maven\surefire\surefire-grouper\2.20.1\surefire-grouper-2.20.1.jar;"/>
    <property name="sun.cpu.endian" value="little"/>
    <property name="allure.results.directory" value="D:\renat\java\Tests\YMtest\target/allure-results"/>
    <property name="user.home" value="C:\Users\fvd"/>
    <property name="user.language" value="ru"/>
    <property name="java.specification.vendor" value="Oracle Corporation"/>
    <property name="java.home" value="C:\Program Files\Java\jdk1.8.0_131\jre"/>
    <property name="basedir" value="D:\renat\java\Tests\YMtest"/>
    <property name="file.separator" value="\"/>
    <property name="line.separator" value="&#10;"/>
    <property name="java.vm.specification.vendor" value="Oracle Corporation"/>
    <property name="java.specification.name" value="Java Platform API Specification"/>
    <property name="java.awt.graphicsenv" value="sun.awt.Win32GraphicsEnvironment"/>
    <property name="surefire.real.class.path" value="C:\Users\fvd\AppData\Local\Temp\surefire7831048528906509429\surefirebooter3265043792617136954.jar;C:\Users\fvd\.m2\repository/org/aspectj/aspectjweaver/1.8.10/aspectjweaver-1.8.10.jar"/>
    <property name="sun.boot.class.path" value="C:\Program Files\Java\jdk1.8.0_131\jre\lib\resources.jar;C:\Program Files\Java\jdk1.8.0_131\jre\lib\rt.jar;C:\Program Files\Java\jdk1.8.0_131\jre\lib\sunrsasign.jar;C:\Program Files\Java\jdk1.8.0_131\jre\lib\jsse.jar;C:\Program Files\Java\jdk1.8.0_131\jre\lib\jce.jar;C:\Program Files\Java\jdk1.8.0_131\jre\lib\charsets.jar;C:\Program Files\Java\jdk1.8.0_131\jre\lib\jfr.jar;C:\Program Files\Java\jdk1.8.0_131\jre\classes"/>
    <property name="user.script" value=""/>
    <property name="sun.management.compiler" value="HotSpot 64-Bit Tiered Compilers"/>
    <property name="java.runtime.version" value="1.8.0_131-b11"/>
    <property name="user.name" value="fvd"/>
    <property name="path.separator" value=";"/>
    <property name="os.version" value="10.0"/>
    <property name="java.endorsed.dirs" value="C:\Program Files\Java\jdk1.8.0_131\jre\lib\endorsed"/>
    <property name="java.runtime.name" value="Java(TM) SE Runtime Environment"/>
    <property name="file.encoding" value="Cp1251"/>
    <property name="java.vm.name" value="Java HotSpot(TM) 64-Bit Server VM"/>
    <property name="localRepository" value="C:\Users\fvd\.m2\repository"/>
    <property name="java.vendor.url.bug" value="http://bugreport.sun.com/bugreport/"/>
    <property name="java.io.tmpdir" value="C:\Users\fvd\AppData\Local\Temp\"/>
    <property name="java.version" value="1.8.0_131"/>
    <property name="user.dir" value="D:\renat\java\Tests\YMtest"/>
    <property name="os.arch" value="amd64"/>
    <property name="java.vm.specification.name" value="Java Virtual Machine Specification"/>
    <property name="java.awt.printerjob" value="sun.awt.windows.WPrinterJob"/>
    <property name="sun.os.patch.level" value=""/>
    <property name="java.library.path" value="C:\Program Files\Java\jdk1.8.0_131\jre\bin;C:\WINDOWS\Sun\Java\bin;C:\WINDOWS\system32;C:\WINDOWS;C:\Program Files (x86)\Common Files\Intel\Shared Files\cpp\bin\Intel64;C:\ProgramData\Oracle\Java\javapath;C:\Program Files (x86)\NVIDIA Corporation\PhysX\Common;C:\Program Files (x86)\Intel\iCLS Client\;C:\Program Files\Intel\iCLS Client\;C:\WINDOWS\system32;C:\WINDOWS;C:\WINDOWS\System32\Wbem;C:\WINDOWS\System32\WindowsPowerShell\v1.0\;C:\Program Files\Intel\Intel(R) Management Engine Components\DAL;C:\Program Files\Intel\Intel(R) Management Engine Components\IPT;C:\Program Files (x86)\Intel\Intel(R) Management Engine Components\DAL;C:\Program Files (x86)\Intel\Intel(R) Management Engine Components\IPT;C:\Program Files (x86)\Intel\OpenCL SDK\2.0\bin\x86;C:\Program Files (x86)\Intel\OpenCL SDK\2.0\bin\x64;C:\Program Files (x86)\Skype\Phone\;C:\WINDOWS\System32\OpenSSH\;C:\apache-maven-3.5.3\bin;C:\allure-2.6.0\bin;C:\Users\fvd\AppData\Local\Microsoft\WindowsApps;;."/>
    <property name="java.vm.info" value="mixed mode"/>
    <property name="java.vendor" value="Oracle Corporation"/>
    <property name="java.vm.version" value="25.131-b11"/>
    <property name="java.ext.dirs" value="C:\Program Files\Java\jdk1.8.0_131\jre\lib\ext;C:\WINDOWS\Sun\Java\lib\ext"/>
    <property name="sun.io.unicode.encoding" value="UnicodeLittle"/>
    <property name="java.class.version" value="52.0"/>
  </properties>
  <testcase name="testCellphoneSearch" classname="YMTest.YandexMarketTest" time="28.528"/>
</testsuite>