<?xml version="1.0" encoding="UTF-8"?>
<!-- Generated by org.testng.reporters.JUnitReportReporter -->
<testsuite skipped="0" hostname="fvd_user" name="YMTest.YandexMarketTest" tests="1" failures="0" timestamp="12 июн 2018 12:26:46 GMT" time="28.517" errors="0">
  <testcase name="testCellphoneSearch" time="28.517" classname="YMTest.YandexMarketTest"/>
</testsuite> <!-- YMTest.YandexMarketTest -->
